<?xml version="1.0" encoding="UTF-8"?>
<!-- Generated by org.testng.reporters.JUnitReportReporter -->
<testsuite hostname="dckap-PC" failures="0" tests="1" name="test.FirstTest" time="14.858" errors="0" timestamp="2020-07-08T10:44:15 IST" skipped="0">
  <testcase classname="test.FirstTest" name="test" time="14.858"/>
</testsuite> <!-- test.FirstTest -->
